{
    "0": {
        "incLen": 62,
        "origLen": 62,
        "tmSec": 1367411051,
        "tmUSec": 972852
    },
    "1": {
        "incLen": 558,
        "origLen": 558,
        "tmSec": 1367411052,
        "tmUSec": 77243
    },
    "10": {
        "incLen": 60,
        "origLen": 60,
        "tmSec": 1367411052,
        "tmUSec": 96993
    },
    "11": {
        "incLen": 558,
        "origLen": 558,
        "tmSec": 1367411052,
        "tmUSec": 97021
    },
    "12": {
        "incLen": 60,
        "origLen": 60,
        "tmSec": 1367411052,
        "tmUSec": 99703
    },
    "13": {
        "incLen": 558,
        "origLen": 558,
        "tmSec": 1367411052,
        "tmUSec": 104726
    },
    "14": {
        "incLen": 60,
        "origLen": 60,
        "tmSec": 1367411052,
        "tmUSec": 107183
    },
    "15": {
        "incLen": 558,
        "origLen": 558,
        "tmSec": 1367411052,
        "tmUSec": 107258
    },
    "16": {
        "incLen": 60,
        "origLen": 60,
        "tmSec": 1367411052,
        "tmUSec": 109883
    },
    "17": {
        "incLen": 558,
        "origLen": 558,
        "tmSec": 1367411052,
        "tmUSec": 110436
    },
    "18": {
        "incLen": 60,
        "origLen": 60,
        "tmSec": 1367411052,
        "tmUSec": 116041
    },
    "19": {
        "incLen": 558,
        "origLen": 558,
        "tmSec": 1367411052,
        "tmUSec": 118313
    },
    "2": {
        "incLen": 60,
        "origLen": 60,
        "tmSec": 1367411052,
        "tmUSec": 81790
    },
    "20": {
        "incLen": 60,
        "origLen": 60,
        "tmSec": 1367411052,
        "tmUSec": 120728
    },
    "21": {
        "incLen": 558,
        "origLen": 558,
        "tmSec": 1367411052,
        "tmUSec": 120762
    },
    "22": {
        "incLen": 60,
        "origLen": 60,
        "tmSec": 1367411052,
        "tmUSec": 123411
    },
    "23": {
        "incLen": 558,
        "origLen": 558,
        "tmSec": 1367411052,
        "tmUSec": 123434
    },
    "24": {
        "incLen": 60,
        "origLen": 60,
        "tmSec": 1367411052,
        "tmUSec": 127860
    },
    "25": {
        "incLen": 558,
        "origLen": 558,
        "tmSec": 1367411052,
        "tmUSec": 127888
    },
    "26": {
        "incLen": 60,
        "origLen": 60,
        "tmSec": 1367411052,
        "tmUSec": 130659
    },
    "27": {
        "incLen": 558,
        "origLen": 558,
        "tmSec": 1367411052,
        "tmUSec": 134476
    },
    "28": {
        "incLen": 60,
        "origLen": 60,
        "tmSec": 1367411052,
        "tmUSec": 136880
    },
    "29": {
        "incLen": 558,
        "origLen": 558,
        "tmSec": 1367411052,
        "tmUSec": 136914
    },
    "3": {
        "incLen": 558,
        "origLen": 558,
        "tmSec": 1367411052,
        "tmUSec": 86300
    },
    "30": {
        "incLen": 60,
        "origLen": 60,
        "tmSec": 1367411052,
        "tmUSec": 139565
    },
    "31": {
        "incLen": 558,
        "origLen": 558,
        "tmSec": 1367411052,
        "tmUSec": 139588
    },
    "32": {
        "incLen": 60,
        "origLen": 60,
        "tmSec": 1367411052,
        "tmUSec": 142267
    },
    "33": {
        "incLen": 558,
        "origLen": 558,
        "tmSec": 1367411052,
        "tmUSec": 142294
    },
    "34": {
        "incLen": 60,
        "origLen": 60,
        "tmSec": 1367411052,
        "tmUSec": 145205
    },
    "35": {
        "incLen": 558,
        "origLen": 558,
        "tmSec": 1367411052,
        "tmUSec": 145238
    },
    "36": {
        "incLen": 60,
        "origLen": 60,
        "tmSec": 1367411052,
        "tmUSec": 147896
    },
    "37": {
        "incLen": 558,
        "origLen": 558,
        "tmSec": 1367411052,
        "tmUSec": 147938
    },
    "38": {
        "incLen": 60,
        "origLen": 60,
        "tmSec": 1367411052,
        "tmUSec": 150603
    },
    "39": {
        "incLen": 558,
        "origLen": 558,
        "tmSec": 1367411052,
        "tmUSec": 150637
    },
    "4": {
        "incLen": 60,
        "origLen": 60,
        "tmSec": 1367411052,
        "tmUSec": 88961
    },
    "40": {
        "incLen": 60,
        "origLen": 60,
        "tmSec": 1367411052,
        "tmUSec": 153274
    },
    "41": {
        "incLen": 558,
        "origLen": 558,
        "tmSec": 1367411052,
        "tmUSec": 158369
    },
    "42": {
        "incLen": 60,
        "origLen": 60,
        "tmSec": 1367411052,
        "tmUSec": 160793
    },
    "43": {
        "incLen": 558,
        "origLen": 558,
        "tmSec": 1367411052,
        "tmUSec": 160850
    },
    "44": {
        "incLen": 60,
        "origLen": 60,
        "tmSec": 1367411052,
        "tmUSec": 164560
    },
    "45": {
        "incLen": 558,
        "origLen": 558,
        "tmSec": 1367411052,
        "tmUSec": 164607
    },
    "46": {
        "incLen": 60,
        "origLen": 60,
        "tmSec": 1367411052,
        "tmUSec": 167259
    },
    "47": {
        "incLen": 558,
        "origLen": 558,
        "tmSec": 1367411052,
        "tmUSec": 167294
    },
    "48": {
        "incLen": 60,
        "origLen": 60,
        "tmSec": 1367411052,
        "tmUSec": 169959
    },
    "49": {
        "incLen": 558,
        "origLen": 558,
        "tmSec": 1367411052,
        "tmUSec": 169993
    },
    "5": {
        "incLen": 558,
        "origLen": 558,
        "tmSec": 1367411052,
        "tmUSec": 88995
    },
    "50": {
        "incLen": 60,
        "origLen": 60,
        "tmSec": 1367411052,
        "tmUSec": 173072
    },
    "51": {
        "incLen": 558,
        "origLen": 558,
        "tmSec": 1367411052,
        "tmUSec": 173105
    },
    "52": {
        "incLen": 60,
        "origLen": 60,
        "tmSec": 1367411052,
        "tmUSec": 175768
    },
    "53": {
        "incLen": 558,
        "origLen": 558,
        "tmSec": 1367411052,
        "tmUSec": 175805
    },
    "54": {
        "incLen": 60,
        "origLen": 60,
        "tmSec": 1367411052,
        "tmUSec": 178474
    },
    "55": {
        "incLen": 558,
        "origLen": 558,
        "tmSec": 1367411052,
        "tmUSec": 178507
    },
    "56": {
        "incLen": 60,
        "origLen": 60,
        "tmSec": 1367411052,
        "tmUSec": 181123
    },
    "57": {
        "incLen": 558,
        "origLen": 558,
        "tmSec": 1367411052,
        "tmUSec": 181162
    },
    "58": {
        "incLen": 60,
        "origLen": 60,
        "tmSec": 1367411052,
        "tmUSec": 183823
    },
    "59": {
        "incLen": 558,
        "origLen": 558,
        "tmSec": 1367411052,
        "tmUSec": 183857
    },
    "6": {
        "incLen": 60,
        "origLen": 60,
        "tmSec": 1367411052,
        "tmUSec": 91646
    },
    "60": {
        "incLen": 60,
        "origLen": 60,
        "tmSec": 1367411052,
        "tmUSec": 186545
    },
    "61": {
        "incLen": 558,
        "origLen": 558,
        "tmSec": 1367411052,
        "tmUSec": 189731
    },
    "62": {
        "incLen": 60,
        "origLen": 60,
        "tmSec": 1367411052,
        "tmUSec": 192161
    },
    "63": {
        "incLen": 558,
        "origLen": 558,
        "tmSec": 1367411052,
        "tmUSec": 192208
    },
    "64": {
        "incLen": 60,
        "origLen": 60,
        "tmSec": 1367411052,
        "tmUSec": 197453
    },
    "65": {
        "incLen": 558,
        "origLen": 558,
        "tmSec": 1367411052,
        "tmUSec": 197520
    },
    "66": {
        "incLen": 60,
        "origLen": 60,
        "tmSec": 1367411052,
        "tmUSec": 200435
    },
    "67": {
        "incLen": 558,
        "origLen": 558,
        "tmSec": 1367411052,
        "tmUSec": 200472
    },
    "68": {
        "incLen": 60,
        "origLen": 60,
        "tmSec": 1367411052,
        "tmUSec": 203140
    },
    "69": {
        "incLen": 558,
        "origLen": 558,
        "tmSec": 1367411052,
        "tmUSec": 203181
    },
    "7": {
        "incLen": 558,
        "origLen": 558,
        "tmSec": 1367411052,
        "tmUSec": 91675
    },
    "70": {
        "incLen": 60,
        "origLen": 60,
        "tmSec": 1367411052,
        "tmUSec": 205847
    },
    "71": {
        "incLen": 558,
        "origLen": 558,
        "tmSec": 1367411052,
        "tmUSec": 205915
    },
    "72": {
        "incLen": 60,
        "origLen": 60,
        "tmSec": 1367411052,
        "tmUSec": 208782
    },
    "73": {
        "incLen": 558,
        "origLen": 558,
        "tmSec": 1367411052,
        "tmUSec": 208826
    },
    "74": {
        "incLen": 60,
        "origLen": 60,
        "tmSec": 1367411052,
        "tmUSec": 211478
    },
    "75": {
        "incLen": 558,
        "origLen": 558,
        "tmSec": 1367411052,
        "tmUSec": 211513
    },
    "76": {
        "incLen": 60,
        "origLen": 60,
        "tmSec": 1367411052,
        "tmUSec": 214182
    },
    "77": {
        "incLen": 558,
        "origLen": 558,
        "tmSec": 1367411052,
        "tmUSec": 214223
    },
    "78": {
        "incLen": 60,
        "origLen": 60,
        "tmSec": 1367411052,
        "tmUSec": 216858
    },
    "79": {
        "incLen": 558,
        "origLen": 558,
        "tmSec": 1367411052,
        "tmUSec": 220882
    },
    "8": {
        "incLen": 60,
        "origLen": 60,
        "tmSec": 1367411052,
        "tmUSec": 94383
    },
    "80": {
        "incLen": 60,
        "origLen": 60,
        "tmSec": 1367411052,
        "tmUSec": 223508
    },
    "81": {
        "incLen": 558,
        "origLen": 558,
        "tmSec": 1367411052,
        "tmUSec": 225874
    },
    "82": {
        "incLen": 60,
        "origLen": 60,
        "tmSec": 1367411052,
        "tmUSec": 228293
    },
    "83": {
        "incLen": 558,
        "origLen": 558,
        "tmSec": 1367411052,
        "tmUSec": 228346
    },
    "84": {
        "incLen": 60,
        "origLen": 60,
        "tmSec": 1367411052,
        "tmUSec": 232109
    },
    "85": {
        "incLen": 558,
        "origLen": 558,
        "tmSec": 1367411052,
        "tmUSec": 232193
    },
    "86": {
        "incLen": 60,
        "origLen": 60,
        "tmSec": 1367411052,
        "tmUSec": 235770
    },
    "87": {
        "incLen": 558,
        "origLen": 558,
        "tmSec": 1367411052,
        "tmUSec": 235859
    },
    "88": {
        "incLen": 60,
        "origLen": 60,
        "tmSec": 1367411052,
        "tmUSec": 238467
    },
    "89": {
        "incLen": 558,
        "origLen": 558,
        "tmSec": 1367411052,
        "tmUSec": 242423
    },
    "9": {
        "incLen": 558,
        "origLen": 558,
        "tmSec": 1367411052,
        "tmUSec": 94416
    },
    "90": {
        "incLen": 60,
        "origLen": 60,
        "tmSec": 1367411052,
        "tmUSec": 244860
    },
    "91": {
        "incLen": 558,
        "origLen": 558,
        "tmSec": 1367411052,
        "tmUSec": 244935
    },
    "92": {
        "incLen": 60,
        "origLen": 60,
        "tmSec": 1367411052,
        "tmUSec": 247553
    },
    "93": {
        "incLen": 558,
        "origLen": 558,
        "tmSec": 1367411052,
        "tmUSec": 250989
    },
    "94": {
        "incLen": 60,
        "origLen": 60,
        "tmSec": 1367411052,
        "tmUSec": 253440
    },
    "95": {
        "incLen": 558,
        "origLen": 558,
        "tmSec": 1367411052,
        "tmUSec": 253476
    },
    "96": {
        "incLen": 60,
        "origLen": 60,
        "tmSec": 1367411052,
        "tmUSec": 256118
    },
    "97": {
        "incLen": 69,
        "origLen": 69,
        "tmSec": 1367411052,
        "tmUSec": 256145
    },
    "98": {
        "incLen": 60,
        "origLen": 60,
        "tmSec": 1367411052,
        "tmUSec": 258801
    },
    "count": 99,
    "magicNumber": 2712847316,
    "majorVersion": 2,
    "minorVersion": 4,
    "network": 1,
    "sigfigs": 0,
    "snaplen": 65535,
    "thiszone": 0
}
